
Training Completed in 204.98309898376465 sec

Param: [[5.46959837e+00 8.89876174e+00 6.63279916e-01 1.10000000e+03
  8.50000000e+01 6.00000000e+00 1.10000000e+01]]  |  MAE, R2: [0.5474594715671302, 0.9999968719775246]

Training Completed in 266.0002520084381 sec

Param: [[5.72062764e+00 5.82671474e+00 4.57777902e-01 1.20000000e+03
  9.00000000e+01 6.00000000e+00 1.20000000e+01]]  |  MAE, R2: [0.6054450399398187, 0.999996324483519]

Training Completed in 208.9107186794281 sec

Param: [[7.09873916e+00 1.68141657e+01 2.96090701e-01 7.00000000e+02
  5.50000000e+01 6.00000000e+00 1.20000000e+01]]  |  MAE, R2: [0.6763522879901558, 0.999995699879459]

Training Completed in 70.42724299430847 sec

Param: [[5.87356390e+00 9.76078897e+00 3.32984312e-01 8.00000000e+02
  2.00000000e+01 6.00000000e+00 8.00000000e+00]]  |  MAE, R2: [0.682484687601729, 0.9999955438703023]

Training Completed in 221.73875403404236 sec

Param: [[6.50550850e+00 4.00850578e+00 9.53145777e-01 1.50000000e+03
  4.50000000e+01 4.00000000e+00 1.20000000e+01]]  |  MAE, R2: [0.5184077592266121, 0.9999975060232986]

Training Completed in 77.07824969291687 sec

Param: [[6.60004362e+00 1.06371674e+01 1.46409293e-01 6.00000000e+02
  1.00000000e+01 6.00000000e+00 9.00000000e+00]]  |  MAE, R2: [0.6289221097853334, 0.9999963006856777]

Training Completed in 105.90127849578857 sec

Param: [[4.66050732e+00 1.55836195e+01 3.89718766e-01 5.00000000e+02
  7.00000000e+01 6.00000000e+00 1.10000000e+01]]  |  MAE, R2: [0.6565666924554847, 0.9999966534855178]

Training Completed in 174.97825002670288 sec

Param: [[6.74425743e+00 1.83049174e+01 4.97219291e-01 1.50000000e+03
  6.00000000e+01 5.00000000e+00 9.00000000e+00]]  |  MAE, R2: [0.5448123220481236, 0.9999968025480002]

Training Completed in 53.948604106903076 sec

Param: [[  4.73733328   2.99989047   0.62192598 300.          65.
    5.           9.        ]]  |  MAE, R2: [0.6279609077278346, 0.9999958889966245]

Training Completed in 136.01231050491333 sec

Param: [[  4.79391494  12.47416176   0.97197882 800.          40.
    6.          11.        ]]  |  MAE, R2: [0.5169474241834943, 0.9999976016940073]

Training Completed in 123.35929751396179 sec

Param: [[  5.51302898  13.02491582   0.87955547 300.          75.
    6.          12.        ]]  |  MAE, R2: [0.7192386414899256, 0.9999950940709033]

Training Completed in 166.25889086723328 sec

Param: [[5.33492452e+00 1.87123708e+01 5.68064787e-01 8.00000000e+02
  9.00000000e+01 6.00000000e+00 1.10000000e+01]]  |  MAE, R2: [0.5443046918275295, 0.9999971791800424]

Training Completed in 61.34391784667969 sec

Param: [[  5.99116868   7.68293098   0.56294546 400.          35.
    4.          10.        ]]  |  MAE, R2: [0.72134900877316, 0.9999951642800124]

Training Completed in 148.3799970149994 sec

Param: [[5.03480520e+00 8.67240917e+00 9.23839896e-01 1.10000000e+03
  7.50000000e+01 4.00000000e+00 1.10000000e+01]]  |  MAE, R2: [0.5108280964871241, 0.9999977942542998]

Training Completed in 118.29862356185913 sec

Param: [[5.05441678e+00 1.67663027e+00 5.63204455e-01 1.20000000e+03
  8.00000000e+01 6.00000000e+00 8.00000000e+00]]  |  MAE, R2: [0.5336675552291723, 0.9999975577978955]

Training Completed in 143.5153558254242 sec

Param: [[5.54765585e+00 2.61136627e+00 5.76316562e-01 9.00000000e+02
  5.50000000e+01 6.00000000e+00 1.00000000e+01]]  |  MAE, R2: [0.6136937695487413, 0.9999964408554846]

Training Completed in 119.87262868881226 sec

Param: [[7.80349987e+00 1.98486748e+01 7.16272422e-01 1.00000000e+03
  1.00000000e+01 6.00000000e+00 9.00000000e+00]]  |  MAE, R2: [0.5404927487768253, 0.9999970065766901]

Training Completed in 161.1576771736145 sec

Param: [[5.63595573e+00 9.81950491e+00 4.97643275e-01 5.00000000e+02
  9.00000000e+01 6.00000000e+00 1.20000000e+01]]  |  MAE, R2: [0.696301573717804, 0.9999953634227942]

Training Completed in 175.14449214935303 sec

Param: [[7.11488796e+00 3.84508450e+00 3.49346554e-01 9.00000000e+02
  7.50000000e+01 5.00000000e+00 9.00000000e+00]]  |  MAE, R2: [0.6580789932747706, 0.999995956132845]

Training Completed in 31.36371874809265 sec

Param: [[  6.53520758   2.91654642   0.46274049 100.          20.
    4.           8.        ]]  |  MAE, R2: [1.0204040294751688, 0.9999892176313493]

Training Completed in 110.3180890083313 sec

Param: [[  7.03383989  16.33166566   0.67789205 600.          65.
    4.           8.        ]]  |  MAE, R2: [0.4890738400987118, 0.999997514485787]

Training Completed in 76.05334091186523 sec

Param: [[5.71522079e+00 1.28673604e+01 4.37830445e-01 9.00000000e+02
  3.50000000e+01 5.00000000e+00 8.00000000e+00]]  |  MAE, R2: [0.6486400625755925, 0.9999960970629228]

Training Completed in 255.73757362365723 sec

Param: [[5.76249165e+00 4.38124477e+00 1.56787808e-01 1.40000000e+03
  9.00000000e+01 6.00000000e+00 1.10000000e+01]]  |  MAE, R2: [0.5863705410019667, 0.9999966952829028]

Training Completed in 109.61529755592346 sec

Param: [[6.11044827e+00 1.11123623e+01 8.93894671e-01 1.50000000e+03
  2.50000000e+01 4.00000000e+00 9.00000000e+00]]  |  MAE, R2: [0.4617877000062241, 0.9999978869239448]

Training Completed in 88.38079595565796 sec

Param: [[6.74410800e+00 1.48283772e+01 3.95615577e-01 5.00000000e+02
  1.50000000e+01 5.00000000e+00 1.10000000e+01]]  |  MAE, R2: [0.700222709490293, 0.9999953286148735]

Training Completed in 136.41278767585754 sec

Param: [[6.07738349e+00 1.32080955e+01 3.04049785e-01 6.00000000e+02
  7.00000000e+01 4.00000000e+00 1.20000000e+01]]  |  MAE, R2: [0.6111204406364052, 0.9999968277855624]

Training Completed in 79.27197980880737 sec

Param: [[  4.75911324   7.29458829   0.85650943 500.         100.
    4.          10.        ]]  |  MAE, R2: [0.5441927474578065, 0.9999972939275622]

Training Completed in 46.38615536689758 sec

Param: [[  4.99240011  13.2909703    0.95294621 100.          45.
    4.          12.        ]]  |  MAE, R2: [1.1286741953643211, 0.9999883175730535]

Training Completed in 137.40934324264526 sec

Param: [[6.82955364e+00 1.40378384e+01 5.34790539e-01 1.20000000e+03
  5.50000000e+01 4.00000000e+00 9.00000000e+00]]  |  MAE, R2: [0.566830179515352, 0.999996735743818]

Training Completed in 77.78749704360962 sec

Param: [[5.24745358e+00 3.12348330e+00 3.09187251e-01 9.00000000e+02
  2.00000000e+01 5.00000000e+00 9.00000000e+00]]  |  MAE, R2: [0.5923892013303131, 0.9999967875028765]

Training Completed in 214.7144124507904 sec

Param: [[7.31987766e+00 3.05540306e+00 6.96915349e-01 7.00000000e+02
  1.00000000e+02 6.00000000e+00 9.00000000e+00]]  |  MAE, R2: [0.6735120830473112, 0.9999953855635554]

Training Completed in 86.35778212547302 sec

Param: [[5.05173862e+00 1.05037963e+01 3.40765740e-01 1.10000000e+03
  5.00000000e+01 5.00000000e+00 8.00000000e+00]]  |  MAE, R2: [0.5593206378247663, 0.9999973757790274]

Training Completed in 165.05004715919495 sec

Param: [[  7.82731973   1.53361112   0.81007952 600.          50.
    5.          11.        ]]  |  MAE, R2: [0.6041019471622988, 0.9999967979408347]

Training Completed in 96.2379252910614 sec

Param: [[  6.17452608   9.97216044   0.82390133 300.          85.
    4.           9.        ]]  |  MAE, R2: [0.6671375131912948, 0.9999957788290694]

Training Completed in 301.38436460494995 sec

Param: [[7.58626417e+00 9.96807205e+00 3.83902022e-01 7.00000000e+02
  1.00000000e+02 6.00000000e+00 1.20000000e+01]]  |  MAE, R2: [0.643241787815659, 0.9999959419043855]

Begin Optimization run 	

Training Completed in 113.08630084991455 sec

Param: [[6.11044892e+00 1.11123506e+01 8.93894762e-01 1.50000000e+03
  2.50000000e+01 4.00000000e+00 9.00000000e+00]]  |  MAE, R2: [0.458909397734845, 0.9999979274067281]

Training Completed in 112.34194278717041 sec

Param: [[6.11530928e+00 1.09317354e+01 8.92616452e-01 1.50000000e+03
  2.50000000e+01 4.00000000e+00 9.00000000e+00]]  |  MAE, R2: [0.4596594191918915, 0.9999979606176315]

Training Completed in 115.04590606689453 sec

Param: [[6.22415687e+00 1.05900924e+01 8.17408228e-01 1.50000000e+03
  3.00000000e+01 4.00000000e+00 9.00000000e+00]]  |  MAE, R2: [0.487403064676343, 0.999997814523685]

Training Completed in 191.5084524154663 sec

Param: [[5.85038853e+00 5.50127645e+00 9.90000000e-01 1.50000000e+03
  1.50000000e+01 4.00000000e+00 1.20000000e+01]]  |  MAE, R2: [0.5524541315092127, 0.999997201472088]

Training Completed in 110.82458138465881 sec

Param: [[6.17714367e+00 1.09581377e+01 8.90946502e-01 1.50000000e+03
  2.50000000e+01 4.00000000e+00 9.00000000e+00]]  |  MAE, R2: [0.4780974803399, 0.999997948010352]

Training Completed in 104.11831641197205 sec

Param: [[5.45662761e+00 1.10334284e+01 9.11727850e-01 1.50000000e+03
  2.50000000e+01 4.00000000e+00 9.00000000e+00]]  |  MAE, R2: [0.6153640636285047, 0.9999965856623034]

Training Completed in 109.92859220504761 sec

Param: [[5.68331172e+00 1.05095205e+01 9.90000000e-01 1.50000000e+03
  3.00000000e+01 4.00000000e+00 9.00000000e+00]]  |  MAE, R2: [0.5476812016897057, 0.9999970586353732]

Training Completed in 119.75551843643188 sec

Param: [[6.73172312e+00 1.12382605e+01 8.78995568e-01 1.50000000e+03
  2.50000000e+01 4.00000000e+00 9.00000000e+00]]  |  MAE, R2: [0.5269108497413603, 0.9999970857970345]

Training Completed in 111.86606335639954 sec

Param: [[6.35327302e+00 1.09639329e+01 8.34299413e-01 1.50000000e+03
  2.50000000e+01 4.00000000e+00 9.00000000e+00]]  |  MAE, R2: [0.4750120635515884, 0.999997700461532]

Training Completed in 111.92668271064758 sec

Param: [[6.33412473e+00 1.08840707e+01 9.90000000e-01 1.50000000e+03
  2.50000000e+01 4.00000000e+00 9.00000000e+00]]  |  MAE, R2: [0.4908808301785399, 0.9999976600493132]

Training Completed in 110.00347805023193 sec

Param: [[6.21308846e+00 1.11976550e+01 6.25065986e-01 1.50000000e+03
  2.50000000e+01 4.00000000e+00 9.00000000e+00]]  |  MAE, R2: [0.4966950582412011, 0.9999976930330133]

Training Completed in 116.53290629386902 sec

Param: [[  7.1583296   16.74546143   0.7267985  600.          65.
    4.           8.        ]]  |  MAE, R2: [0.5032337937094576, 0.9999973881965734]

Training Completed in 167.7011115550995 sec

Param: [[  4.          15.16321327   0.99       800.          60.
    6.          12.        ]]  |  MAE, R2: [1.1258123271059806, 0.9999880755746442]

Training Completed in 138.83821988105774 sec

Param: [[8.00000000e+00 8.20151033e+00 1.00000000e-01 1.50000000e+03
  2.50000000e+01 4.00000000e+00 9.00000000e+00]]  |  MAE, R2: [0.5546147178533687, 0.9999965528911173]

Training Completed in 128.83371424674988 sec

Param: [[7.03836641e+00 1.08142915e+01 6.56040403e-01 1.50000000e+03
  3.00000000e+01 4.00000000e+00 9.00000000e+00]]  |  MAE, R2: [0.5916172235001179, 0.9999966408153638]

Training Completed in 148.43389654159546 sec

Param: [[8.00000000e+00 1.44669272e+01 9.90000000e-01 1.50000000e+03
  2.00000000e+01 4.00000000e+00 1.00000000e+01]]  |  MAE, R2: [0.6471671861315471, 0.9999956619667213]

Training Completed in 115.04184794425964 sec

Param: [[6.45092293e+00 1.08742492e+01 9.90000000e-01 1.50000000e+03
  2.50000000e+01 4.00000000e+00 9.00000000e+00]]  |  MAE, R2: [0.4650721642449393, 0.9999976081092955]

Training Completed in 113.42261338233948 sec

Param: [[6.20802811e+00 9.63643949e+00 1.00000000e-01 1.50000000e+03
  3.00000000e+01 4.00000000e+00 9.00000000e+00]]  |  MAE, R2: [0.48384960471466343, 0.9999976278173063]

Training Completed in 114.11312437057495 sec

Param: [[6.15428749e+00 1.00882259e+01 2.77316709e-01 1.50000000e+03
  3.00000000e+01 4.00000000e+00 9.00000000e+00]]  |  MAE, R2: [0.4967167809809941, 0.9999976734400772]

Training Completed in 142.86745929718018 sec

Param: [[4.61701606e+00 7.73668823e+00 8.99738430e-01 1.10000000e+03
  7.50000000e+01 4.00000000e+00 1.10000000e+01]]  |  MAE, R2: [0.5815000875760935, 0.9999969327791796]

Training Completed in 127.28449487686157 sec

Param: [[  7.75305544  19.16005986   0.96275324 600.          60.
    4.           8.        ]]  |  MAE, R2: [0.6816038396618561, 0.9999955997364488]

Training Completed in 168.9796061515808 sec

Param: [[5.96713414e+00 1.07577714e+01 9.75250166e-01 1.10000000e+03
  7.50000000e+01 4.00000000e+00 1.10000000e+01]]  |  MAE, R2: [0.5716758684679798, 0.9999970676795715]

Training Completed in 104.36965608596802 sec

Param: [[4.00000000e+00 5.40889902e+00 9.90000000e-01 1.50000000e+03
  2.50000000e+01 6.00000000e+00 8.00000000e+00]]  |  MAE, R2: [1.0096383186819249, 0.9999901110810127]

Training Completed in 132.84309887886047 sec

Param: [[6.33793493e+00 1.09596916e+01 9.90000000e-01 1.50000000e+03
  2.50000000e+01 4.00000000e+00 1.00000000e+01]]  |  MAE, R2: [0.5738318273672292, 0.9999970838995244]

Training Completed in 101.56006526947021 sec

Param: [[4.63930269e+00 1.20939620e+01 7.67296881e-01 8.00000000e+02
  4.00000000e+01 5.00000000e+00 1.00000000e+01]]  |  MAE, R2: [0.5446880786910882, 0.9999972892407186]

Training Completed in 100.05500292778015 sec

Param: [[6.63370799e+00 1.05137413e+01 8.07512905e-01 1.50000000e+03
  2.50000000e+01 4.00000000e+00 8.00000000e+00]]  |  MAE, R2: [0.56325455691402, 0.9999970473972021]

Training Completed in 118.49592471122742 sec

Param: [[6.46272986e+00 9.53513979e+00 9.44420510e-01 1.50000000e+03
  3.00000000e+01 4.00000000e+00 9.00000000e+00]]  |  MAE, R2: [0.4686381514636911, 0.999997540098262]

Training Completed in 118.3673779964447 sec

Param: [[4.93794639e+00 1.39128897e+01 5.52551970e-01 8.00000000e+02
  4.00000000e+01 5.00000000e+00 1.10000000e+01]]  |  MAE, R2: [0.5412533792040625, 0.9999974378588095]

Training Completed in 118.16439652442932 sec

Param: [[6.35198192e+00 9.60699126e+00 6.48784722e-01 1.50000000e+03
  3.00000000e+01 4.00000000e+00 9.00000000e+00]]  |  MAE, R2: [0.49008645604379336, 0.9999975916455327]

Training Completed in 126.5684335231781 sec

Param: [[7.09591259e+00 1.59540789e+01 5.99092475e-01 6.00000000e+02
  6.50000000e+01 5.00000000e+00 8.00000000e+00]]  |  MAE, R2: [0.5122310145511951, 0.9999972373512724]

Training Completed in 139.02947092056274 sec

Param: [[6.61493747e+00 8.39856234e+00 9.90000000e-01 1.50000000e+03
  3.00000000e+01 4.00000000e+00 1.00000000e+01]]  |  MAE, R2: [0.500993210353478, 0.9999973964002984]

Training Completed in 94.37313342094421 sec

Param: [[6.12149005e+00 8.32367427e+00 5.42500539e-01 1.50000000e+03
  3.00000000e+01 4.00000000e+00 8.00000000e+00]]  |  MAE, R2: [0.6075818507107277, 0.999996581677878]

Training Completed in 137.9985647201538 sec

Param: [[6.36777271e+00 9.57964109e+00 6.81557694e-01 1.50000000e+03
  3.00000000e+01 4.00000000e+00 1.00000000e+01]]  |  MAE, R2: [0.5666190338589843, 0.9999970913600675]

Training Completed in 217.42868947982788 sec

Param: [[6.41142865e+00 4.98363281e+00 9.17999095e-01 1.50000000e+03
  4.00000000e+01 4.00000000e+00 1.20000000e+01]]  |  MAE, R2: [0.5457001895306277, 0.9999974248233734]

Training Completed in 85.33069205284119 sec

Param: [[6.21773644e+00 1.62352629e+01 4.95295088e-01 6.00000000e+02
  6.50000000e+01 4.00000000e+00 8.00000000e+00]]  |  MAE, R2: [0.6366846828109681, 0.999995950162109]

Training Completed in 208.06815791130066 sec

Param: [[5.58252669e+00 6.42868811e+00 9.30862693e-01 1.50000000e+03
  4.50000000e+01 5.00000000e+00 1.10000000e+01]]  |  MAE, R2: [0.5515400186585376, 0.9999972475098903]

Training Completed in 98.7253532409668 sec

Param: [[6.61826564e+00 1.34034738e+01 1.00000000e-01 1.50000000e+03
  2.50000000e+01 4.00000000e+00 8.00000000e+00]]  |  MAE, R2: [0.5508279771401092, 0.9999969328203586]

Training Completed in 150.88650465011597 sec

Param: [[  8.          16.04331167   0.99       600.          65.
    4.           8.        ]]  |  MAE, R2: [0.9108569394941597, 0.9999928808334574]

Training Completed in 128.4967076778412 sec

Param: [[7.02043846e+00 8.84415944e+00 9.90000000e-01 1.50000000e+03
  3.00000000e+01 4.00000000e+00 9.00000000e+00]]  |  MAE, R2: [0.5758155684415721, 0.9999968076949254]

Training Completed in 126.54528856277466 sec

Param: [[5.59480844e+00 9.19467589e+00 8.68951489e-01 1.10000000e+03
  7.50000000e+01 4.00000000e+00 1.00000000e+01]]  |  MAE, R2: [0.5636246011627577, 0.9999969635501662]

Training Completed in 110.80321216583252 sec

Param: [[5.84891484e+00 8.67306067e+00 9.90000000e-01 1.50000000e+03
  3.00000000e+01 4.00000000e+00 9.00000000e+00]]  |  MAE, R2: [0.4918032276897411, 0.9999977896477105]

Training Completed in 113.43540573120117 sec

Param: [[6.05541981e+00 9.26591949e+00 9.90000000e-01 1.50000000e+03
  3.00000000e+01 4.00000000e+00 9.00000000e+00]]  |  MAE, R2: [0.4643885702236332, 0.9999979106061366]

Training Completed in 129.85349583625793 sec

Param: [[6.23680007e+00 1.11599175e+01 9.90000000e-01 1.50000000e+03
  2.50000000e+01 5.00000000e+00 9.00000000e+00]]  |  MAE, R2: [0.5196614511487733, 0.9999973928683125]

Training Completed in 218.4837236404419 sec

Param: [[6.17961480e+00 4.91676952e+00 9.53511413e-01 1.50000000e+03
  4.50000000e+01 4.00000000e+00 1.20000000e+01]]  |  MAE, R2: [0.5283646958478035, 0.9999974871159796]

Training Completed in 115.08291220664978 sec

Param: [[  4.79716129  13.24650774   0.97258864 800.          40.
    6.          10.        ]]  |  MAE, R2: [0.4882072656994083, 0.999997782853369]

Training Completed in 108.41178441047668 sec

Param: [[  4.18101377  13.16471537   0.99       800.          40.
    6.          10.        ]]  |  MAE, R2: [0.747551291185521, 0.9999946334342962]

Training Completed in 227.55457425117493 sec

Param: [[6.33933481e+00 4.39835761e+00 9.29880596e-01 1.50000000e+03
  4.50000000e+01 5.00000000e+00 1.10000000e+01]]  |  MAE, R2: [0.5893076393904598, 0.9999967708842072]

Training Completed in 87.91047978401184 sec

Param: [[  4.42205797   8.49799771   0.92399015 500.         100.
    4.          11.        ]]  |  MAE, R2: [0.7832388660251178, 0.9999945725247812]

Training Completed in 121.61400723457336 sec

Param: [[  5.38867515  13.2206825    0.93731109 800.          40.
    6.          10.        ]]  |  MAE, R2: [0.5976498806462468, 0.9999967159032387]

Training Completed in 193.0427029132843 sec

Param: [[6.05564920e+00 1.81522629e+01 3.62298388e-01 8.00000000e+02
  9.00000000e+01 6.00000000e+00 1.10000000e+01]]  |  MAE, R2: [0.624657848260938, 0.9999962686425637]

Training Completed in 242.42064142227173 sec

Param: [[7.16819041e+00 4.67742188e+00 7.34617134e-01 1.50000000e+03
  4.50000000e+01 4.00000000e+00 1.20000000e+01]]  |  MAE, R2: [0.5516190704636964, 0.9999969931187968]

Training Completed in 115.51680421829224 sec

Param: [[6.98687653e+00 1.66242032e+01 3.99608221e-01 6.00000000e+02
  6.50000000e+01 5.00000000e+00 8.00000000e+00]]  |  MAE, R2: [0.5536747807031048, 0.9999971299430335]

Training Completed in 113.51054334640503 sec

Param: [[6.18528395e+00 9.10248675e+00 9.90000000e-01 1.50000000e+03
  3.00000000e+01 4.00000000e+00 9.00000000e+00]]  |  MAE, R2: [0.4728216709138546, 0.9999979630127965]

Training Completed in 68.69269299507141 sec

Param: [[4.78953888e+00 1.81182015e+01 1.00000000e-01 6.00000000e+02
  6.50000000e+01 6.00000000e+00 8.00000000e+00]]  |  MAE, R2: [0.5644099912516012, 0.9999968210289674]

Training Completed in 114.55992770195007 sec

Param: [[6.29354173e+00 9.91813859e+00 9.90000000e-01 1.50000000e+03
  3.00000000e+01 4.00000000e+00 9.00000000e+00]]  |  MAE, R2: [0.4842057751861522, 0.9999977420989866]

Training Completed in 116.83871102333069 sec

Param: [[  4.90232355  13.798054     0.99       800.          40.
    6.          10.        ]]  |  MAE, R2: [0.48686286131786005, 0.9999977779884299]

Training Completed in 111.12092971801758 sec

Param: [[5.20837815e+00 2.16266116e+00 4.34718453e-01 1.20000000e+03
  8.00000000e+01 5.00000000e+00 8.00000000e+00]]  |  MAE, R2: [0.4649355755674189, 0.999998133808602]

Training Completed in 100.59375023841858 sec

Param: [[4.97179595e+00 2.47581988e+00 4.38767774e-01 1.20000000e+03
  8.00000000e+01 5.00000000e+00 8.00000000e+00]]  |  MAE, R2: [0.5623211107279028, 0.9999972269961531]

Training Completed in 129.1295564174652 sec

Param: [[5.88631981e+00 8.78806248e+00 9.90000000e-01 1.50000000e+03
  3.00000000e+01 4.00000000e+00 1.00000000e+01]]  |  MAE, R2: [0.5950082394166216, 0.9999964187889958]

Training Completed in 130.41883301734924 sec

Param: [[6.11759690e+00 9.35361216e+00 9.90000000e-01 1.50000000e+03
  3.00000000e+01 5.00000000e+00 9.00000000e+00]]  |  MAE, R2: [0.49834437410716487, 0.9999977624333924]

Training Completed in 135.85343718528748 sec

Param: [[  4.93036323  13.48331359   0.99       800.          40.
    6.          11.        ]]  |  MAE, R2: [0.5024034000447083, 0.9999975911334655]

Training Completed in 152.80389499664307 sec

Param: [[4.55695841e+00 1.93183627e+01 7.90171092e-01 8.00000000e+02
  9.00000000e+01 6.00000000e+00 1.10000000e+01]]  |  MAE, R2: [0.6462812171191672, 0.9999965035507384]

Training Completed in 147.98919939994812 sec

Param: [[5.21294279e+00 9.38068590e+00 6.49328314e-01 1.10000000e+03
  7.50000000e+01 4.00000000e+00 1.10000000e+01]]  |  MAE, R2: [0.4591998551164049, 0.9999981276410304]

Training Completed in 165.7446005344391 sec

Param: [[4.89768874e+00 9.41038909e+00 3.67490248e-01 1.10000000e+03
  7.50000000e+01 4.00000000e+00 1.20000000e+01]]  |  MAE, R2: [0.54192251260289, 0.9999973932231683]

Training Completed in 117.87571167945862 sec

Param: [[7.05695672e+00 1.66931294e+01 1.20112997e-01 6.00000000e+02
  6.50000000e+01 4.00000000e+00 8.00000000e+00]]  |  MAE, R2: [0.5554408883759668, 0.9999970562459207]

Training Completed in 119.38180041313171 sec

Param: [[  6.82531375  16.63235698   0.99       600.          65.
    4.           9.        ]]  |  MAE, R2: [0.5986696328484508, 0.9999961333349602]

Training Completed in 217.12921738624573 sec

Param: [[6.04681348e+00 4.26043112e+00 1.00000000e-01 1.50000000e+03
  4.50000000e+01 4.00000000e+00 1.20000000e+01]]  |  MAE, R2: [0.5827865748673133, 0.9999970337919575]

Training Completed in 199.63757276535034 sec

Param: [[  8.          13.94652019   0.99       800.          40.
    5.          12.        ]]  |  MAE, R2: [0.5590374157037346, 0.9999966400398361]

Training Completed in 223.26203846931458 sec

Param: [[6.37076553e+00 5.98417580e+00 9.90000000e-01 1.50000000e+03
  4.50000000e+01 4.00000000e+00 1.20000000e+01]]  |  MAE, R2: [0.5622371093924746, 0.9999973470229584]

Training Completed in 140.52061319351196 sec

Param: [[4.63799079e+00 9.62094167e+00 8.87296144e-01 1.10000000e+03
  7.50000000e+01 4.00000000e+00 1.10000000e+01]]  |  MAE, R2: [0.552669265147197, 0.9999972490549178]

Training Completed in 164.8036470413208 sec

Param: [[7.42602278e+00 1.82534718e+01 3.73987896e-01 1.50000000e+03
  6.00000000e+01 4.00000000e+00 8.00000000e+00]]  |  MAE, R2: [0.5122974754856268, 0.9999972262607277]

Training Completed in 112.86101961135864 sec

Param: [[5.54388999e+00 1.72760411e+00 4.27368861e-01 1.20000000e+03
  8.00000000e+01 5.00000000e+00 8.00000000e+00]]  |  MAE, R2: [0.5605013297088229, 0.9999970106014269]

Training Completed in 155.4883689880371 sec

Param: [[8.00000000e+00 1.22007603e+01 9.90000000e-01 1.50000000e+03
  2.50000000e+01 4.00000000e+00 1.00000000e+01]]  |  MAE, R2: [0.6629254783355994, 0.9999955365092886]

Training Completed in 135.0644829273224 sec

Param: [[  4.93514819  14.35737789   0.99       800.          40.
    6.          11.        ]]  |  MAE, R2: [0.5413028760853891, 0.9999972247954247]

Training Completed in 84.26299858093262 sec

Param: [[4.70536976e+00 1.18959475e+01 9.90000000e-01 1.50000000e+03
  3.00000000e+01 4.00000000e+00 8.00000000e+00]]  |  MAE, R2: [0.5187571636961034, 0.9999970543097072]


 Best parameters :

[6.11044892e+00 1.11123506e+01 8.93894762e-01 1.50000000e+03
 2.50000000e+01 4.00000000e+00 9.00000000e+00]

Optimized Parameters:


 Writing output : hyperparam_quip.json


 Printing best hyper parameters : 

{'MAE': 0.458909397734845,
 'cutoff': 6.1104489231575405,
 'delta': 0.8938947619284,
 'delta2b': 11.112350598173125,
 'lmax': 4.0,
 'n_sparse': 1500.0,
 'n_sparse2b': 25.0,
 'nmax': 9.0}
